[debug] [2022-04-14T06:19:30.373Z] ----------------------------------------------------------------------
[debug] [2022-04-14T06:19:30.374Z] Command:       /usr/local/bin/node /usr/local/bin/firebase emulators:start --only functions
[debug] [2022-04-14T06:19:30.374Z] CLI Version:   10.6.0
[debug] [2022-04-14T06:19:30.375Z] Platform:      darwin
[debug] [2022-04-14T06:19:30.375Z] Node Version:  v16.14.0
[debug] [2022-04-14T06:19:30.375Z] Time:          Thu Apr 14 2022 13:19:30 GMT+0700 (Indochina Time)
[debug] [2022-04-14T06:19:30.375Z] ----------------------------------------------------------------------
[debug] 
[debug] [2022-04-14T06:19:30.408Z] > command requires scopes: ["email","openid","https://www.googleapis.com/auth/cloudplatformprojects.readonly","https://www.googleapis.com/auth/firebase","https://www.googleapis.com/auth/cloud-platform"]
[debug] [2022-04-14T06:19:30.408Z] > authorizing via signed-in user (selemessaied@gmail.com)
[info] i  emulators: Starting emulators: functions {"metadata":{"emulator":{"name":"hub"},"message":"Starting emulators: functions"}}
[debug] [2022-04-14T06:19:30.416Z] [hub] writing locator at /var/folders/tw/xmjqp5gd5q3fmyn7rv3wjbgm0000gn/T/hub-spacegym-dev.json
[warn] ⚠  functions: The following emulators are not running, calls to these services from the Functions emulator will affect production: auth, firestore, database, hosting, pubsub, storage {"metadata":{"emulator":{"name":"functions"},"message":"The following emulators are not running, calls to these services from the Functions emulator will affect production: \u001b[1mauth, firestore, database, hosting, pubsub, storage\u001b[22m"}}
[info] ✔  functions: Using node@16 from host. {"metadata":{"emulator":{"name":"functions"},"message":"Using node@16 from host."}}
[debug] [2022-04-14T06:19:30.425Z] defaultcredentials: writing to file /Users/selemessaied/.config/firebase/selemessaied_gmail_com_application_default_credentials.json
[debug] [2022-04-14T06:19:30.426Z] Setting GAC to /Users/selemessaied/.config/firebase/selemessaied_gmail_com_application_default_credentials.json {"metadata":{"emulator":{"name":"functions"},"message":"Setting GAC to /Users/selemessaied/.config/firebase/selemessaied_gmail_com_application_default_credentials.json"}}
[debug] [2022-04-14T06:19:30.427Z] > refreshing access token with scopes: []
[debug] [2022-04-14T06:19:30.428Z] >>> HTTP REQUEST POST https://www.googleapis.com/oauth2/v3/token  
 <request body omitted>
[debug] [2022-04-14T06:19:30.652Z] <<< HTTP RESPONSE 200 {"expires":"Mon, 01 Jan 1990 00:00:00 GMT","cache-control":"no-cache, no-store, max-age=0, must-revalidate","pragma":"no-cache","date":"Thu, 14 Apr 2022 06:19:30 GMT","content-type":"application/json; charset=utf-8","vary":"X-Origin, Referer, Origin,Accept-Encoding","server":"scaffolding on HTTPServer2","x-xss-protection":"0","x-frame-options":"SAMEORIGIN","x-content-type-options":"nosniff","alt-svc":"h3=\":443\"; ma=2592000,h3-29=\":443\"; ma=2592000,h3-Q050=\":443\"; ma=2592000,h3-Q046=\":443\"; ma=2592000,h3-Q043=\":443\"; ma=2592000,quic=\":443\"; ma=2592000; v=\"46,43\"","accept-ranges":"none","transfer-encoding":"chunked"}
[debug] [2022-04-14T06:19:30.708Z] >>> [apiv2][query] GET https://firebase.googleapis.com/v1beta1/projects/spacegym-dev/adminSdkConfig [none]
[debug] [2022-04-14T06:19:31.136Z] <<< [apiv2][status] GET https://firebase.googleapis.com/v1beta1/projects/spacegym-dev/adminSdkConfig 200
[debug] [2022-04-14T06:19:31.136Z] <<< [apiv2][body] GET https://firebase.googleapis.com/v1beta1/projects/spacegym-dev/adminSdkConfig {"projectId":"spacegym-dev","storageBucket":"spacegym-dev.appspot.com","locationId":"europe-west"}
[debug] [2022-04-14T06:19:31.165Z] Ignoring unsupported arg: auto_download {"metadata":{"emulator":{"name":"ui"},"message":"Ignoring unsupported arg: auto_download"}}
[debug] [2022-04-14T06:19:31.165Z] Ignoring unsupported arg: port {"metadata":{"emulator":{"name":"ui"},"message":"Ignoring unsupported arg: port"}}
[debug] [2022-04-14T06:19:31.165Z] Starting Emulator UI with command {"binary":"node","args":["/Users/selemessaied/.cache/firebase/emulators/ui-v1.6.5/server.bundle.js"],"optionalArgs":[],"joinArgs":false} {"metadata":{"emulator":{"name":"ui"},"message":"Starting Emulator UI with command {\"binary\":\"node\",\"args\":[\"/Users/selemessaied/.cache/firebase/emulators/ui-v1.6.5/server.bundle.js\"],\"optionalArgs\":[],\"joinArgs\":false}"}}
[info] i  ui: Emulator UI logging to ui-debug.log {"metadata":{"emulator":{"name":"ui"},"message":"Emulator UI logging to \u001b[1mui-debug.log\u001b[22m"}}
[debug] [2022-04-14T06:19:31.227Z] Web / API server started at localhost:4000
 {"metadata":{"emulator":{"name":"ui"},"message":"Web / API server started at localhost:4000\n"}}
[info] i  functions: Watching "/Users/selemessaied/Desktop/Selem Essaied/Projects/mockup-generator/functions" for Cloud Functions... {"metadata":{"emulator":{"name":"functions"},"message":"Watching \"/Users/selemessaied/Desktop/Selem Essaied/Projects/mockup-generator/functions\" for Cloud Functions..."}}
[debug] [2022-04-14T06:19:31.432Z] Validating nodejs source
[debug] [2022-04-14T06:19:32.173Z] > [functions] package.json contents: {
  "name": "functions",
  "scripts": {
    "lint": "eslint --ext .js,.ts .",
    "build": "tsc",
    "serve": "npm run build && firebase emulators:start --only functions",
    "shell": "npm run build && firebase functions:shell",
    "start": "npm run shell",
    "deploy": "firebase deploy --only functions",
    "logs": "firebase functions:log"
  },
  "engines": {
    "node": "16"
  },
  "main": "lib/index.js",
  "dependencies": {
    "@types/puppeteer": "^5.4.5",
    "firebase-admin": "^10.0.2",
    "firebase-functions": "^3.18.0",
    "puppeteer": "^13.5.2"
  },
  "devDependencies": {
    "@typescript-eslint/eslint-plugin": "^5.12.0",
    "@typescript-eslint/parser": "^5.12.0",
    "eslint": "^8.9.0",
    "eslint-config-google": "^0.14.0",
    "eslint-plugin-import": "^2.25.4",
    "firebase-functions-test": "^0.2.0",
    "typescript": "^4.5.4"
  },
  "private": true
}
[debug] [2022-04-14T06:19:32.174Z] Building nodejs source
[debug] [2022-04-14T06:19:32.174Z] Analyzing nodejs backend spec
[info] ✔  functions[us-central1-getScreenShot]: http function initialized (http://localhost:5001/spacegym-dev/us-central1/getScreenShot). {"metadata":{"emulator":{"name":"functions"},"message":"\u001b[1mhttp\u001b[22m function initialized (http://localhost:5001/spacegym-dev/us-central1/getScreenShot)."}}
[info] 
┌─────────────────────────────────────────────────────────────┐
│ ✔  All emulators ready! It is now safe to connect your app. │
│ i  View Emulator UI at http://localhost:4000                │
└─────────────────────────────────────────────────────────────┘

┌───────────┬────────────────┬─────────────────────────────────┐
│ Emulator  │ Host:Port      │ View in Emulator UI             │
├───────────┼────────────────┼─────────────────────────────────┤
│ Functions │ localhost:5001 │ http://localhost:4000/functions │
└───────────┴────────────────┴─────────────────────────────────┘
  Emulator Hub running at localhost:4400
  Other reserved ports: 4500

Issues? Report them at https://github.com/firebase/firebase-tools/issues and attach the *-debug.log files.
 
[debug] [2022-04-14T06:19:39.076Z] [work-queue] {"queueLength":1,"workRunningCount":0}
[debug] [2022-04-14T06:19:39.077Z] [work-queue] {"queueLength":0,"workRunningCount":1}
[debug] [2022-04-14T06:19:39.077Z] Accepted request OPTIONS /spacegym-dev/us-central1/getScreenShot --> us-central1-getScreenShot
[debug] [2022-04-14T06:19:39.095Z] [worker-pool] addWorker(us-central1-getScreenShot) {"metadata":{"emulator":{"name":"functions"},"message":"[worker-pool] addWorker(us-central1-getScreenShot)"}}
[debug] [2022-04-14T06:19:39.097Z] [worker-pool] Adding worker with key us-central1-getScreenShot, total=1 {"metadata":{"emulator":{"name":"functions"},"message":"[worker-pool] Adding worker with key us-central1-getScreenShot, total=1"}}
[debug] [2022-04-14T06:19:39.097Z] [worker-pool] submitWork(triggerId=us-central1-getScreenShot) {"metadata":{"emulator":{"name":"functions"},"message":"[worker-pool] submitWork(triggerId=us-central1-getScreenShot)"}}
[debug] [2022-04-14T06:19:39.097Z] [worker-us-central1-getScreenShot-a1ae6bb0-d430-4c36-9f52-f3eff9926b7f]: Assigning socketPath: /var/folders/tw/xmjqp5gd5q3fmyn7rv3wjbgm0000gn/T/fire_emu_69137.sock {"metadata":{"emulator":{"name":"functions"},"message":"[worker-us-central1-getScreenShot-a1ae6bb0-d430-4c36-9f52-f3eff9926b7f]: Assigning socketPath: /var/folders/tw/xmjqp5gd5q3fmyn7rv3wjbgm0000gn/T/fire_emu_69137.sock"}}
[debug] [2022-04-14T06:19:39.098Z] [worker-us-central1-getScreenShot-a1ae6bb0-d430-4c36-9f52-f3eff9926b7f]: BUSY {"metadata":{"emulator":{"name":"functions"},"message":"[worker-us-central1-getScreenShot-a1ae6bb0-d430-4c36-9f52-f3eff9926b7f]: BUSY"}}
[debug] [2022-04-14T06:19:39.472Z] [runtime-status] [69137] Functions runtime initialized. {"cwd":"/Users/selemessaied/Desktop/Selem Essaied/Projects/mockup-generator/functions","node_version":"16.14.0"} {"metadata":{"emulator":{"name":"functions"},"function":{"name":"us-central1-getScreenShot"},"extension":{},"message":"[runtime-status] [69137] Functions runtime initialized. {\"cwd\":\"/Users/selemessaied/Desktop/Selem Essaied/Projects/mockup-generator/functions\",\"node_version\":\"16.14.0\"}"}}
[debug] [2022-04-14T06:19:39.473Z] [runtime-status] [69137] Disabled runtime features: undefined {"metadata":{"emulator":{"name":"functions"},"function":{"name":"us-central1-getScreenShot"},"extension":{},"message":"[runtime-status] [69137] Disabled runtime features: undefined"}}
[debug] [2022-04-14T06:19:39.474Z] [runtime-status] [69137] Resolved module firebase-admin {"declared":true,"installed":true,"version":"10.0.2","resolution":"/Users/selemessaied/Desktop/Selem Essaied/Projects/mockup-generator/functions/node_modules/firebase-admin/lib/index.js"} {"metadata":{"emulator":{"name":"functions"},"function":{"name":"us-central1-getScreenShot"},"extension":{},"message":"[runtime-status] [69137] Resolved module firebase-admin {\"declared\":true,\"installed\":true,\"version\":\"10.0.2\",\"resolution\":\"/Users/selemessaied/Desktop/Selem Essaied/Projects/mockup-generator/functions/node_modules/firebase-admin/lib/index.js\"}"}}
[debug] [2022-04-14T06:19:39.474Z] [runtime-status] [69137] Resolved module firebase-functions {"declared":true,"installed":true,"version":"3.20.0","resolution":"/Users/selemessaied/Desktop/Selem Essaied/Projects/mockup-generator/functions/node_modules/firebase-functions/lib/index.js"} {"metadata":{"emulator":{"name":"functions"},"function":{"name":"us-central1-getScreenShot"},"extension":{},"message":"[runtime-status] [69137] Resolved module firebase-functions {\"declared\":true,\"installed\":true,\"version\":\"3.20.0\",\"resolution\":\"/Users/selemessaied/Desktop/Selem Essaied/Projects/mockup-generator/functions/node_modules/firebase-functions/lib/index.js\"}"}}
[debug] [2022-04-14T06:19:39.474Z] [runtime-status] [69137] Outgoing network have been stubbed. [{"name":"http","status":"mocked"},{"name":"http","status":"mocked"},{"name":"https","status":"mocked"},{"name":"https","status":"mocked"},{"name":"net","status":"mocked"}] {"metadata":{"emulator":{"name":"functions"},"function":{"name":"us-central1-getScreenShot"},"extension":{},"message":"[runtime-status] [69137] Outgoing network have been stubbed. [{\"name\":\"http\",\"status\":\"mocked\"},{\"name\":\"http\",\"status\":\"mocked\"},{\"name\":\"https\",\"status\":\"mocked\"},{\"name\":\"https\",\"status\":\"mocked\"},{\"name\":\"net\",\"status\":\"mocked\"}]"}}
[debug] [2022-04-14T06:19:39.474Z] [runtime-status] [69137] Resolved module firebase-functions {"declared":true,"installed":true,"version":"3.20.0","resolution":"/Users/selemessaied/Desktop/Selem Essaied/Projects/mockup-generator/functions/node_modules/firebase-functions/lib/index.js"} {"metadata":{"emulator":{"name":"functions"},"function":{"name":"us-central1-getScreenShot"},"extension":{},"message":"[runtime-status] [69137] Resolved module firebase-functions {\"declared\":true,\"installed\":true,\"version\":\"3.20.0\",\"resolution\":\"/Users/selemessaied/Desktop/Selem Essaied/Projects/mockup-generator/functions/node_modules/firebase-functions/lib/index.js\"}"}}
[debug] [2022-04-14T06:19:39.497Z] [runtime-status] [69137] Checked functions.config() {"config":{}} {"metadata":{"emulator":{"name":"functions"},"function":{"name":"us-central1-getScreenShot"},"extension":{},"message":"[runtime-status] [69137] Checked functions.config() {\"config\":{}}"}}
[debug] [2022-04-14T06:19:39.498Z] [runtime-status] [69137] firebase-functions has been stubbed. {"functionsResolution":{"declared":true,"installed":true,"version":"3.20.0","resolution":"/Users/selemessaied/Desktop/Selem Essaied/Projects/mockup-generator/functions/node_modules/firebase-functions/lib/index.js"}} {"metadata":{"emulator":{"name":"functions"},"function":{"name":"us-central1-getScreenShot"},"extension":{},"message":"[runtime-status] [69137] firebase-functions has been stubbed. {\"functionsResolution\":{\"declared\":true,\"installed\":true,\"version\":\"3.20.0\",\"resolution\":\"/Users/selemessaied/Desktop/Selem Essaied/Projects/mockup-generator/functions/node_modules/firebase-functions/lib/index.js\"}}"}}
[debug] [2022-04-14T06:19:39.498Z] [runtime-status] [69137] Resolved module firebase-functions {"declared":true,"installed":true,"version":"3.20.0","resolution":"/Users/selemessaied/Desktop/Selem Essaied/Projects/mockup-generator/functions/node_modules/firebase-functions/lib/index.js"} {"metadata":{"emulator":{"name":"functions"},"function":{"name":"us-central1-getScreenShot"},"extension":{},"message":"[runtime-status] [69137] Resolved module firebase-functions {\"declared\":true,\"installed\":true,\"version\":\"3.20.0\",\"resolution\":\"/Users/selemessaied/Desktop/Selem Essaied/Projects/mockup-generator/functions/node_modules/firebase-functions/lib/index.js\"}"}}
[debug] [2022-04-14T06:19:39.498Z] [runtime-status] [69137] Resolved module firebase-admin {"declared":true,"installed":true,"version":"10.0.2","resolution":"/Users/selemessaied/Desktop/Selem Essaied/Projects/mockup-generator/functions/node_modules/firebase-admin/lib/index.js"} {"metadata":{"emulator":{"name":"functions"},"function":{"name":"us-central1-getScreenShot"},"extension":{},"message":"[runtime-status] [69137] Resolved module firebase-admin {\"declared\":true,\"installed\":true,\"version\":\"10.0.2\",\"resolution\":\"/Users/selemessaied/Desktop/Selem Essaied/Projects/mockup-generator/functions/node_modules/firebase-admin/lib/index.js\"}"}}
[debug] [2022-04-14T06:19:39.499Z] [runtime-status] [69137] Resolved module firebase-functions {"declared":true,"installed":true,"version":"3.20.0","resolution":"/Users/selemessaied/Desktop/Selem Essaied/Projects/mockup-generator/functions/node_modules/firebase-functions/lib/index.js"} {"metadata":{"emulator":{"name":"functions"},"function":{"name":"us-central1-getScreenShot"},"extension":{},"message":"[runtime-status] [69137] Resolved module firebase-functions {\"declared\":true,\"installed\":true,\"version\":\"3.20.0\",\"resolution\":\"/Users/selemessaied/Desktop/Selem Essaied/Projects/mockup-generator/functions/node_modules/firebase-functions/lib/index.js\"}"}}
[debug] [2022-04-14T06:19:39.499Z] [runtime-status] [69137] firebase-admin has been stubbed. {"adminResolution":{"declared":true,"installed":true,"version":"10.0.2","resolution":"/Users/selemessaied/Desktop/Selem Essaied/Projects/mockup-generator/functions/node_modules/firebase-admin/lib/index.js"}} {"metadata":{"emulator":{"name":"functions"},"function":{"name":"us-central1-getScreenShot"},"extension":{},"message":"[runtime-status] [69137] firebase-admin has been stubbed. {\"adminResolution\":{\"declared\":true,\"installed\":true,\"version\":\"10.0.2\",\"resolution\":\"/Users/selemessaied/Desktop/Selem Essaied/Projects/mockup-generator/functions/node_modules/firebase-admin/lib/index.js\"}}"}}
[debug] [2022-04-14T06:19:39.522Z] [runtime-status] [69137] Beginning invocation function getScreenShot! {"metadata":{"emulator":{"name":"functions"},"function":{"name":"us-central1-getScreenShot"},"extension":{},"message":"[runtime-status] [69137] Beginning invocation function getScreenShot!"}}
[info] i  functions: Beginning execution of "getScreenShot" {"metadata":{"emulator":{"name":"functions"},"function":{"name":"us-central1-getScreenShot"},"extension":{},"message":"Beginning execution of \"getScreenShot\""}}
[debug] [2022-04-14T06:19:39.523Z] [runtime-status] [69137] Running getScreenShot in signature http {"metadata":{"emulator":{"name":"functions"},"function":{"name":"us-central1-getScreenShot"},"extension":{},"message":"[runtime-status] [69137] Running getScreenShot in signature http"}}
[debug] [2022-04-14T06:19:39.524Z] [runtime-status] [69137] Attempting to listen to socketPath: /var/folders/tw/xmjqp5gd5q3fmyn7rv3wjbgm0000gn/T/fire_emu_69137.sock {"metadata":{"emulator":{"name":"functions"},"function":{"name":"us-central1-getScreenShot"},"extension":{},"message":"[runtime-status] [69137] Attempting to listen to socketPath: /var/folders/tw/xmjqp5gd5q3fmyn7rv3wjbgm0000gn/T/fire_emu_69137.sock"}}
[debug] [2022-04-14T06:19:39.525Z] [functions] Runtime ready! Sending request! {"metadata":{"emulator":{"name":"functions"},"message":"[functions] Runtime ready! Sending request!"}}
[debug] [2022-04-14T06:19:39.525Z] [functions] Got req.url=/spacegym-dev/us-central1/getScreenShot, mapping to path=/ {"metadata":{"emulator":{"name":"functions"},"message":"[functions] Got req.url=/spacegym-dev/us-central1/getScreenShot, mapping to path=/"}}
[debug] [2022-04-14T06:19:39.529Z] [runtime-status] [69137] Ephemeral server handling OPTIONS request {"metadata":{"emulator":{"name":"functions"},"function":{"name":"us-central1-getScreenShot"},"extension":{},"message":"[runtime-status] [69137] Ephemeral server handling OPTIONS request"}}
[debug] [2022-04-14T06:19:39.531Z] [runtime-status] [69137] Ephemeral server survived. {"metadata":{"emulator":{"name":"functions"},"function":{"name":"us-central1-getScreenShot"},"extension":{},"message":"[runtime-status] [69137] Ephemeral server survived."}}
[info] i  functions: Finished "getScreenShot" in ~1s {"metadata":{"emulator":{"name":"functions"},"function":{"name":"us-central1-getScreenShot"},"extension":{},"message":"Finished \"getScreenShot\" in ~1s"}}
[debug] [2022-04-14T06:19:39.532Z] [worker-us-central1-getScreenShot-a1ae6bb0-d430-4c36-9f52-f3eff9926b7f]: IDLE {"metadata":{"emulator":{"name":"functions"},"message":"[worker-us-central1-getScreenShot-a1ae6bb0-d430-4c36-9f52-f3eff9926b7f]: IDLE"}}
[debug] [2022-04-14T06:19:39.532Z] [work-queue] {"queueLength":0,"workRunningCount":0}
[debug] [2022-04-14T06:19:39.536Z] [work-queue] {"queueLength":1,"workRunningCount":0}
[debug] [2022-04-14T06:19:39.536Z] [work-queue] {"queueLength":0,"workRunningCount":1}
[debug] [2022-04-14T06:19:39.536Z] Accepted request POST /spacegym-dev/us-central1/getScreenShot --> us-central1-getScreenShot
[debug] [2022-04-14T06:19:39.536Z] [worker-pool] submitWork(triggerId=us-central1-getScreenShot) {"metadata":{"emulator":{"name":"functions"},"message":"[worker-pool] submitWork(triggerId=us-central1-getScreenShot)"}}
[debug] [2022-04-14T06:19:39.536Z] [worker-us-central1-getScreenShot-a1ae6bb0-d430-4c36-9f52-f3eff9926b7f]: Assigning socketPath: /var/folders/tw/xmjqp5gd5q3fmyn7rv3wjbgm0000gn/T/fire_emu_69137.sock {"metadata":{"emulator":{"name":"functions"},"message":"[worker-us-central1-getScreenShot-a1ae6bb0-d430-4c36-9f52-f3eff9926b7f]: Assigning socketPath: /var/folders/tw/xmjqp5gd5q3fmyn7rv3wjbgm0000gn/T/fire_emu_69137.sock"}}
[debug] [2022-04-14T06:19:39.536Z] [worker-us-central1-getScreenShot-a1ae6bb0-d430-4c36-9f52-f3eff9926b7f]: BUSY {"metadata":{"emulator":{"name":"functions"},"message":"[worker-us-central1-getScreenShot-a1ae6bb0-d430-4c36-9f52-f3eff9926b7f]: BUSY"}}
[debug] [2022-04-14T06:19:39.543Z] [runtime-status] [69137] Beginning invocation function getScreenShot! {"metadata":{"emulator":{"name":"functions"},"function":{"name":"us-central1-getScreenShot"},"extension":{},"message":"[runtime-status] [69137] Beginning invocation function getScreenShot!"}}
[info] i  functions: Beginning execution of "getScreenShot" {"metadata":{"emulator":{"name":"functions"},"function":{"name":"us-central1-getScreenShot"},"extension":{},"message":"Beginning execution of \"getScreenShot\""}}
[debug] [2022-04-14T06:19:39.544Z] [runtime-status] [69137] Running getScreenShot in signature http {"metadata":{"emulator":{"name":"functions"},"function":{"name":"us-central1-getScreenShot"},"extension":{},"message":"[runtime-status] [69137] Running getScreenShot in signature http"}}
[debug] [2022-04-14T06:19:39.544Z] [runtime-status] [69137] Attempting to listen to socketPath: /var/folders/tw/xmjqp5gd5q3fmyn7rv3wjbgm0000gn/T/fire_emu_69137.sock {"metadata":{"emulator":{"name":"functions"},"function":{"name":"us-central1-getScreenShot"},"extension":{},"message":"[runtime-status] [69137] Attempting to listen to socketPath: /var/folders/tw/xmjqp5gd5q3fmyn7rv3wjbgm0000gn/T/fire_emu_69137.sock"}}
[debug] [2022-04-14T06:19:39.544Z] [functions] Runtime ready! Sending request! {"metadata":{"emulator":{"name":"functions"},"message":"[functions] Runtime ready! Sending request!"}}
[debug] [2022-04-14T06:19:39.544Z] [functions] Got req.url=/spacegym-dev/us-central1/getScreenShot, mapping to path=/ {"metadata":{"emulator":{"name":"functions"},"message":"[functions] Got req.url=/spacegym-dev/us-central1/getScreenShot, mapping to path=/"}}
[debug] [2022-04-14T06:19:39.551Z] [runtime-status] [69137] Ephemeral server handling POST request {"metadata":{"emulator":{"name":"functions"},"function":{"name":"us-central1-getScreenShot"},"extension":{},"message":"[runtime-status] [69137] Ephemeral server handling POST request"}}
[info] >  {"verifications":{"app":"MISSING","auth":"MISSING"},"logging.googleapis.com/labels":{"firebase-log-type":"callable-request-verification"},"severity":"INFO","message":"Callable request verification passed"} {"user":{"verifications":{"app":"MISSING","auth":"MISSING"},"logging.googleapis.com/labels":{"firebase-log-type":"callable-request-verification"},"severity":"INFO","message":"Callable request verification passed"},"metadata":{"emulator":{"name":"functions"},"function":{"name":"us-central1-getScreenShot"},"extension":{},"message":"\u001b[90m> \u001b[39m {\"verifications\":{\"app\":\"MISSING\",\"auth\":\"MISSING\"},\"logging.googleapis.com/labels\":{\"firebase-log-type\":\"callable-request-verification\"},\"severity\":\"INFO\",\"message\":\"Callable request verification passed\"}"}}
[debug] [2022-04-14T06:19:39.552Z] [runtime-status] [69137] No callable functions auth found {"metadata":{"emulator":{"name":"functions"},"function":{"name":"us-central1-getScreenShot"},"extension":{},"message":"[runtime-status] [69137] No callable functions auth found"}}
[debug] [2022-04-14T06:20:01.357Z] [runtime-status] [69137] Ephemeral server survived. {"metadata":{"emulator":{"name":"functions"},"function":{"name":"us-central1-getScreenShot"},"extension":{},"message":"[runtime-status] [69137] Ephemeral server survived."}}
[info] i  functions: Finished "getScreenShot" in ~21s {"metadata":{"emulator":{"name":"functions"},"function":{"name":"us-central1-getScreenShot"},"extension":{},"message":"Finished \"getScreenShot\" in ~21s"}}
[debug] [2022-04-14T06:20:01.359Z] [worker-us-central1-getScreenShot-a1ae6bb0-d430-4c36-9f52-f3eff9926b7f]: IDLE {"metadata":{"emulator":{"name":"functions"},"message":"[worker-us-central1-getScreenShot-a1ae6bb0-d430-4c36-9f52-f3eff9926b7f]: IDLE"}}
[debug] [2022-04-14T06:20:01.359Z] [work-queue] {"queueLength":0,"workRunningCount":0}
[debug] [2022-04-14T06:20:09.861Z] [work-queue] {"queueLength":1,"workRunningCount":0}
[debug] [2022-04-14T06:20:09.861Z] [work-queue] {"queueLength":0,"workRunningCount":1}
[debug] [2022-04-14T06:20:09.861Z] Accepted request OPTIONS /spacegym-dev/us-central1/getScreenShot --> us-central1-getScreenShot
[debug] [2022-04-14T06:20:09.862Z] [worker-pool] submitWork(triggerId=us-central1-getScreenShot) {"metadata":{"emulator":{"name":"functions"},"message":"[worker-pool] submitWork(triggerId=us-central1-getScreenShot)"}}
[debug] [2022-04-14T06:20:09.862Z] [worker-us-central1-getScreenShot-a1ae6bb0-d430-4c36-9f52-f3eff9926b7f]: Assigning socketPath: /var/folders/tw/xmjqp5gd5q3fmyn7rv3wjbgm0000gn/T/fire_emu_69137.sock {"metadata":{"emulator":{"name":"functions"},"message":"[worker-us-central1-getScreenShot-a1ae6bb0-d430-4c36-9f52-f3eff9926b7f]: Assigning socketPath: /var/folders/tw/xmjqp5gd5q3fmyn7rv3wjbgm0000gn/T/fire_emu_69137.sock"}}
[debug] [2022-04-14T06:20:09.862Z] [worker-us-central1-getScreenShot-a1ae6bb0-d430-4c36-9f52-f3eff9926b7f]: BUSY {"metadata":{"emulator":{"name":"functions"},"message":"[worker-us-central1-getScreenShot-a1ae6bb0-d430-4c36-9f52-f3eff9926b7f]: BUSY"}}
[debug] [2022-04-14T06:20:09.866Z] [runtime-status] [69137] Beginning invocation function getScreenShot! {"metadata":{"emulator":{"name":"functions"},"function":{"name":"us-central1-getScreenShot"},"extension":{},"message":"[runtime-status] [69137] Beginning invocation function getScreenShot!"}}
[info] i  functions: Beginning execution of "getScreenShot" {"metadata":{"emulator":{"name":"functions"},"function":{"name":"us-central1-getScreenShot"},"extension":{},"message":"Beginning execution of \"getScreenShot\""}}
[debug] [2022-04-14T06:20:09.866Z] [runtime-status] [69137] Running getScreenShot in signature http {"metadata":{"emulator":{"name":"functions"},"function":{"name":"us-central1-getScreenShot"},"extension":{},"message":"[runtime-status] [69137] Running getScreenShot in signature http"}}
[debug] [2022-04-14T06:20:09.868Z] [runtime-status] [69137] Attempting to listen to socketPath: /var/folders/tw/xmjqp5gd5q3fmyn7rv3wjbgm0000gn/T/fire_emu_69137.sock {"metadata":{"emulator":{"name":"functions"},"function":{"name":"us-central1-getScreenShot"},"extension":{},"message":"[runtime-status] [69137] Attempting to listen to socketPath: /var/folders/tw/xmjqp5gd5q3fmyn7rv3wjbgm0000gn/T/fire_emu_69137.sock"}}
[debug] [2022-04-14T06:20:09.869Z] [functions] Runtime ready! Sending request! {"metadata":{"emulator":{"name":"functions"},"message":"[functions] Runtime ready! Sending request!"}}
[debug] [2022-04-14T06:20:09.869Z] [functions] Got req.url=/spacegym-dev/us-central1/getScreenShot, mapping to path=/ {"metadata":{"emulator":{"name":"functions"},"message":"[functions] Got req.url=/spacegym-dev/us-central1/getScreenShot, mapping to path=/"}}
[debug] [2022-04-14T06:20:09.874Z] [runtime-status] [69137] Ephemeral server handling OPTIONS request {"metadata":{"emulator":{"name":"functions"},"function":{"name":"us-central1-getScreenShot"},"extension":{},"message":"[runtime-status] [69137] Ephemeral server handling OPTIONS request"}}
[debug] [2022-04-14T06:20:09.875Z] [runtime-status] [69137] Ephemeral server survived. {"metadata":{"emulator":{"name":"functions"},"function":{"name":"us-central1-getScreenShot"},"extension":{},"message":"[runtime-status] [69137] Ephemeral server survived."}}
[info] i  functions: Finished "getScreenShot" in ~1s {"metadata":{"emulator":{"name":"functions"},"function":{"name":"us-central1-getScreenShot"},"extension":{},"message":"Finished \"getScreenShot\" in ~1s"}}
[debug] [2022-04-14T06:20:09.876Z] [worker-us-central1-getScreenShot-a1ae6bb0-d430-4c36-9f52-f3eff9926b7f]: IDLE {"metadata":{"emulator":{"name":"functions"},"message":"[worker-us-central1-getScreenShot-a1ae6bb0-d430-4c36-9f52-f3eff9926b7f]: IDLE"}}
[debug] [2022-04-14T06:20:09.876Z] [work-queue] {"queueLength":0,"workRunningCount":0}
[debug] [2022-04-14T06:20:09.877Z] [work-queue] {"queueLength":1,"workRunningCount":0}
[debug] [2022-04-14T06:20:09.877Z] [work-queue] {"queueLength":0,"workRunningCount":1}
[debug] [2022-04-14T06:20:09.877Z] Accepted request POST /spacegym-dev/us-central1/getScreenShot --> us-central1-getScreenShot
[debug] [2022-04-14T06:20:09.877Z] [worker-pool] submitWork(triggerId=us-central1-getScreenShot) {"metadata":{"emulator":{"name":"functions"},"message":"[worker-pool] submitWork(triggerId=us-central1-getScreenShot)"}}
[debug] [2022-04-14T06:20:09.877Z] [worker-us-central1-getScreenShot-a1ae6bb0-d430-4c36-9f52-f3eff9926b7f]: Assigning socketPath: /var/folders/tw/xmjqp5gd5q3fmyn7rv3wjbgm0000gn/T/fire_emu_69137.sock {"metadata":{"emulator":{"name":"functions"},"message":"[worker-us-central1-getScreenShot-a1ae6bb0-d430-4c36-9f52-f3eff9926b7f]: Assigning socketPath: /var/folders/tw/xmjqp5gd5q3fmyn7rv3wjbgm0000gn/T/fire_emu_69137.sock"}}
[debug] [2022-04-14T06:20:09.877Z] [worker-us-central1-getScreenShot-a1ae6bb0-d430-4c36-9f52-f3eff9926b7f]: BUSY {"metadata":{"emulator":{"name":"functions"},"message":"[worker-us-central1-getScreenShot-a1ae6bb0-d430-4c36-9f52-f3eff9926b7f]: BUSY"}}
[debug] [2022-04-14T06:20:09.886Z] [runtime-status] [69137] Beginning invocation function getScreenShot! {"metadata":{"emulator":{"name":"functions"},"function":{"name":"us-central1-getScreenShot"},"extension":{},"message":"[runtime-status] [69137] Beginning invocation function getScreenShot!"}}
[info] i  functions: Beginning execution of "getScreenShot" {"metadata":{"emulator":{"name":"functions"},"function":{"name":"us-central1-getScreenShot"},"extension":{},"message":"Beginning execution of \"getScreenShot\""}}
[debug] [2022-04-14T06:20:09.886Z] [runtime-status] [69137] Running getScreenShot in signature http {"metadata":{"emulator":{"name":"functions"},"function":{"name":"us-central1-getScreenShot"},"extension":{},"message":"[runtime-status] [69137] Running getScreenShot in signature http"}}
[debug] [2022-04-14T06:20:09.886Z] [runtime-status] [69137] Attempting to listen to socketPath: /var/folders/tw/xmjqp5gd5q3fmyn7rv3wjbgm0000gn/T/fire_emu_69137.sock {"metadata":{"emulator":{"name":"functions"},"function":{"name":"us-central1-getScreenShot"},"extension":{},"message":"[runtime-status] [69137] Attempting to listen to socketPath: /var/folders/tw/xmjqp5gd5q3fmyn7rv3wjbgm0000gn/T/fire_emu_69137.sock"}}
[debug] [2022-04-14T06:20:09.887Z] [functions] Runtime ready! Sending request! {"metadata":{"emulator":{"name":"functions"},"message":"[functions] Runtime ready! Sending request!"}}
[debug] [2022-04-14T06:20:09.888Z] [functions] Got req.url=/spacegym-dev/us-central1/getScreenShot, mapping to path=/ {"metadata":{"emulator":{"name":"functions"},"message":"[functions] Got req.url=/spacegym-dev/us-central1/getScreenShot, mapping to path=/"}}
[debug] [2022-04-14T06:20:09.892Z] [runtime-status] [69137] Ephemeral server handling POST request {"metadata":{"emulator":{"name":"functions"},"function":{"name":"us-central1-getScreenShot"},"extension":{},"message":"[runtime-status] [69137] Ephemeral server handling POST request"}}
[info] >  {"verifications":{"app":"MISSING","auth":"MISSING"},"logging.googleapis.com/labels":{"firebase-log-type":"callable-request-verification"},"severity":"INFO","message":"Callable request verification passed"} {"user":{"verifications":{"app":"MISSING","auth":"MISSING"},"logging.googleapis.com/labels":{"firebase-log-type":"callable-request-verification"},"severity":"INFO","message":"Callable request verification passed"},"metadata":{"emulator":{"name":"functions"},"function":{"name":"us-central1-getScreenShot"},"extension":{},"message":"\u001b[90m> \u001b[39m {\"verifications\":{\"app\":\"MISSING\",\"auth\":\"MISSING\"},\"logging.googleapis.com/labels\":{\"firebase-log-type\":\"callable-request-verification\"},\"severity\":\"INFO\",\"message\":\"Callable request verification passed\"}"}}
[debug] [2022-04-14T06:20:09.893Z] [runtime-status] [69137] No callable functions auth found {"metadata":{"emulator":{"name":"functions"},"function":{"name":"us-central1-getScreenShot"},"extension":{},"message":"[runtime-status] [69137] No callable functions auth found"}}
[debug] [2022-04-14T06:20:31.518Z] [runtime-status] [69137] Ephemeral server survived. {"metadata":{"emulator":{"name":"functions"},"function":{"name":"us-central1-getScreenShot"},"extension":{},"message":"[runtime-status] [69137] Ephemeral server survived."}}
[info] i  functions: Finished "getScreenShot" in ~21s {"metadata":{"emulator":{"name":"functions"},"function":{"name":"us-central1-getScreenShot"},"extension":{},"message":"Finished \"getScreenShot\" in ~21s"}}
[debug] [2022-04-14T06:20:31.520Z] [worker-us-central1-getScreenShot-a1ae6bb0-d430-4c36-9f52-f3eff9926b7f]: IDLE {"metadata":{"emulator":{"name":"functions"},"message":"[worker-us-central1-getScreenShot-a1ae6bb0-d430-4c36-9f52-f3eff9926b7f]: IDLE"}}
[debug] [2022-04-14T06:20:31.520Z] [work-queue] {"queueLength":0,"workRunningCount":0}
[debug] [2022-04-14T11:16:17.114Z] [work-queue] {"queueLength":1,"workRunningCount":0}
[debug] [2022-04-14T11:16:17.118Z] [work-queue] {"queueLength":0,"workRunningCount":1}
[debug] [2022-04-14T11:16:17.118Z] Accepted request OPTIONS /spacegym-dev/us-central1/getScreenShot --> us-central1-getScreenShot
[debug] [2022-04-14T11:16:17.120Z] [worker-pool] submitWork(triggerId=us-central1-getScreenShot) {"metadata":{"emulator":{"name":"functions"},"message":"[worker-pool] submitWork(triggerId=us-central1-getScreenShot)"}}
[debug] [2022-04-14T11:16:17.123Z] [worker-us-central1-getScreenShot-a1ae6bb0-d430-4c36-9f52-f3eff9926b7f]: Assigning socketPath: /var/folders/tw/xmjqp5gd5q3fmyn7rv3wjbgm0000gn/T/fire_emu_69137.sock {"metadata":{"emulator":{"name":"functions"},"message":"[worker-us-central1-getScreenShot-a1ae6bb0-d430-4c36-9f52-f3eff9926b7f]: Assigning socketPath: /var/folders/tw/xmjqp5gd5q3fmyn7rv3wjbgm0000gn/T/fire_emu_69137.sock"}}
[debug] [2022-04-14T11:16:17.123Z] [worker-us-central1-getScreenShot-a1ae6bb0-d430-4c36-9f52-f3eff9926b7f]: BUSY {"metadata":{"emulator":{"name":"functions"},"message":"[worker-us-central1-getScreenShot-a1ae6bb0-d430-4c36-9f52-f3eff9926b7f]: BUSY"}}
[debug] [2022-04-14T11:16:17.129Z] [runtime-status] [69137] Beginning invocation function getScreenShot! {"metadata":{"emulator":{"name":"functions"},"function":{"name":"us-central1-getScreenShot"},"extension":{},"message":"[runtime-status] [69137] Beginning invocation function getScreenShot!"}}
[info] i  functions: Beginning execution of "getScreenShot" {"metadata":{"emulator":{"name":"functions"},"function":{"name":"us-central1-getScreenShot"},"extension":{},"message":"Beginning execution of \"getScreenShot\""}}
[debug] [2022-04-14T11:16:17.132Z] [runtime-status] [69137] Running getScreenShot in signature http {"metadata":{"emulator":{"name":"functions"},"function":{"name":"us-central1-getScreenShot"},"extension":{},"message":"[runtime-status] [69137] Running getScreenShot in signature http"}}
[debug] [2022-04-14T11:16:17.137Z] [runtime-status] [69137] Attempting to listen to socketPath: /var/folders/tw/xmjqp5gd5q3fmyn7rv3wjbgm0000gn/T/fire_emu_69137.sock {"metadata":{"emulator":{"name":"functions"},"function":{"name":"us-central1-getScreenShot"},"extension":{},"message":"[runtime-status] [69137] Attempting to listen to socketPath: /var/folders/tw/xmjqp5gd5q3fmyn7rv3wjbgm0000gn/T/fire_emu_69137.sock"}}
[debug] [2022-04-14T11:16:17.143Z] [functions] Runtime ready! Sending request! {"metadata":{"emulator":{"name":"functions"},"message":"[functions] Runtime ready! Sending request!"}}
[debug] [2022-04-14T11:16:17.146Z] [functions] Got req.url=/spacegym-dev/us-central1/getScreenShot, mapping to path=/ {"metadata":{"emulator":{"name":"functions"},"message":"[functions] Got req.url=/spacegym-dev/us-central1/getScreenShot, mapping to path=/"}}
[debug] [2022-04-14T11:16:17.153Z] [runtime-status] [69137] Ephemeral server handling OPTIONS request {"metadata":{"emulator":{"name":"functions"},"function":{"name":"us-central1-getScreenShot"},"extension":{},"message":"[runtime-status] [69137] Ephemeral server handling OPTIONS request"}}
[debug] [2022-04-14T11:16:17.155Z] [runtime-status] [69137] Ephemeral server survived. {"metadata":{"emulator":{"name":"functions"},"function":{"name":"us-central1-getScreenShot"},"extension":{},"message":"[runtime-status] [69137] Ephemeral server survived."}}
[info] i  functions: Finished "getScreenShot" in ~1s {"metadata":{"emulator":{"name":"functions"},"function":{"name":"us-central1-getScreenShot"},"extension":{},"message":"Finished \"getScreenShot\" in ~1s"}}
[debug] [2022-04-14T11:16:17.155Z] [worker-us-central1-getScreenShot-a1ae6bb0-d430-4c36-9f52-f3eff9926b7f]: IDLE {"metadata":{"emulator":{"name":"functions"},"message":"[worker-us-central1-getScreenShot-a1ae6bb0-d430-4c36-9f52-f3eff9926b7f]: IDLE"}}
[debug] [2022-04-14T11:16:17.155Z] [work-queue] {"queueLength":0,"workRunningCount":0}
[debug] [2022-04-14T11:16:17.159Z] [work-queue] {"queueLength":1,"workRunningCount":0}
[debug] [2022-04-14T11:16:17.162Z] [work-queue] {"queueLength":0,"workRunningCount":1}
[debug] [2022-04-14T11:16:17.162Z] Accepted request POST /spacegym-dev/us-central1/getScreenShot --> us-central1-getScreenShot
[debug] [2022-04-14T11:16:17.163Z] [worker-pool] submitWork(triggerId=us-central1-getScreenShot) {"metadata":{"emulator":{"name":"functions"},"message":"[worker-pool] submitWork(triggerId=us-central1-getScreenShot)"}}
[debug] [2022-04-14T11:16:17.163Z] [worker-us-central1-getScreenShot-a1ae6bb0-d430-4c36-9f52-f3eff9926b7f]: Assigning socketPath: /var/folders/tw/xmjqp5gd5q3fmyn7rv3wjbgm0000gn/T/fire_emu_69137.sock {"metadata":{"emulator":{"name":"functions"},"message":"[worker-us-central1-getScreenShot-a1ae6bb0-d430-4c36-9f52-f3eff9926b7f]: Assigning socketPath: /var/folders/tw/xmjqp5gd5q3fmyn7rv3wjbgm0000gn/T/fire_emu_69137.sock"}}
[debug] [2022-04-14T11:16:17.163Z] [worker-us-central1-getScreenShot-a1ae6bb0-d430-4c36-9f52-f3eff9926b7f]: BUSY {"metadata":{"emulator":{"name":"functions"},"message":"[worker-us-central1-getScreenShot-a1ae6bb0-d430-4c36-9f52-f3eff9926b7f]: BUSY"}}
[debug] [2022-04-14T11:16:17.165Z] [runtime-status] [69137] Beginning invocation function getScreenShot! {"metadata":{"emulator":{"name":"functions"},"function":{"name":"us-central1-getScreenShot"},"extension":{},"message":"[runtime-status] [69137] Beginning invocation function getScreenShot!"}}
[info] i  functions: Beginning execution of "getScreenShot" {"metadata":{"emulator":{"name":"functions"},"function":{"name":"us-central1-getScreenShot"},"extension":{},"message":"Beginning execution of \"getScreenShot\""}}
[debug] [2022-04-14T11:16:17.166Z] [runtime-status] [69137] Running getScreenShot in signature http {"metadata":{"emulator":{"name":"functions"},"function":{"name":"us-central1-getScreenShot"},"extension":{},"message":"[runtime-status] [69137] Running getScreenShot in signature http"}}
[debug] [2022-04-14T11:16:17.166Z] [runtime-status] [69137] Attempting to listen to socketPath: /var/folders/tw/xmjqp5gd5q3fmyn7rv3wjbgm0000gn/T/fire_emu_69137.sock {"metadata":{"emulator":{"name":"functions"},"function":{"name":"us-central1-getScreenShot"},"extension":{},"message":"[runtime-status] [69137] Attempting to listen to socketPath: /var/folders/tw/xmjqp5gd5q3fmyn7rv3wjbgm0000gn/T/fire_emu_69137.sock"}}
[debug] [2022-04-14T11:16:17.166Z] [functions] Runtime ready! Sending request! {"metadata":{"emulator":{"name":"functions"},"message":"[functions] Runtime ready! Sending request!"}}
[debug] [2022-04-14T11:16:17.166Z] [functions] Got req.url=/spacegym-dev/us-central1/getScreenShot, mapping to path=/ {"metadata":{"emulator":{"name":"functions"},"message":"[functions] Got req.url=/spacegym-dev/us-central1/getScreenShot, mapping to path=/"}}
[debug] [2022-04-14T11:16:17.168Z] [runtime-status] [69137] Ephemeral server handling POST request {"metadata":{"emulator":{"name":"functions"},"function":{"name":"us-central1-getScreenShot"},"extension":{},"message":"[runtime-status] [69137] Ephemeral server handling POST request"}}
[info] >  {"verifications":{"app":"MISSING","auth":"MISSING"},"logging.googleapis.com/labels":{"firebase-log-type":"callable-request-verification"},"severity":"INFO","message":"Callable request verification passed"} {"user":{"verifications":{"app":"MISSING","auth":"MISSING"},"logging.googleapis.com/labels":{"firebase-log-type":"callable-request-verification"},"severity":"INFO","message":"Callable request verification passed"},"metadata":{"emulator":{"name":"functions"},"function":{"name":"us-central1-getScreenShot"},"extension":{},"message":"\u001b[90m> \u001b[39m {\"verifications\":{\"app\":\"MISSING\",\"auth\":\"MISSING\"},\"logging.googleapis.com/labels\":{\"firebase-log-type\":\"callable-request-verification\"},\"severity\":\"INFO\",\"message\":\"Callable request verification passed\"}"}}
[debug] [2022-04-14T11:16:17.176Z] [runtime-status] [69137] No callable functions auth found {"metadata":{"emulator":{"name":"functions"},"function":{"name":"us-central1-getScreenShot"},"extension":{},"message":"[runtime-status] [69137] No callable functions auth found"}}
[debug] [2022-04-14T11:16:47.335Z] [runtime-status] [69137] Ephemeral server survived. {"metadata":{"emulator":{"name":"functions"},"function":{"name":"us-central1-getScreenShot"},"extension":{},"message":"[runtime-status] [69137] Ephemeral server survived."}}
[info] i  functions: Finished "getScreenShot" in ~30s {"metadata":{"emulator":{"name":"functions"},"function":{"name":"us-central1-getScreenShot"},"extension":{},"message":"Finished \"getScreenShot\" in ~30s"}}
[debug] [2022-04-14T11:16:47.338Z] [worker-us-central1-getScreenShot-a1ae6bb0-d430-4c36-9f52-f3eff9926b7f]: IDLE {"metadata":{"emulator":{"name":"functions"},"message":"[worker-us-central1-getScreenShot-a1ae6bb0-d430-4c36-9f52-f3eff9926b7f]: IDLE"}}
[debug] [2022-04-14T11:16:47.338Z] [work-queue] {"queueLength":0,"workRunningCount":0}
[debug] [2022-04-14T11:17:48.049Z] [work-queue] {"queueLength":1,"workRunningCount":0}
[debug] [2022-04-14T11:17:48.050Z] [work-queue] {"queueLength":0,"workRunningCount":1}
[debug] [2022-04-14T11:17:48.050Z] Accepted request OPTIONS /spacegym-dev/us-central1/getScreenShot --> us-central1-getScreenShot
[debug] [2022-04-14T11:17:48.050Z] [worker-pool] submitWork(triggerId=us-central1-getScreenShot) {"metadata":{"emulator":{"name":"functions"},"message":"[worker-pool] submitWork(triggerId=us-central1-getScreenShot)"}}
[debug] [2022-04-14T11:17:48.050Z] [worker-us-central1-getScreenShot-a1ae6bb0-d430-4c36-9f52-f3eff9926b7f]: Assigning socketPath: /var/folders/tw/xmjqp5gd5q3fmyn7rv3wjbgm0000gn/T/fire_emu_69137.sock {"metadata":{"emulator":{"name":"functions"},"message":"[worker-us-central1-getScreenShot-a1ae6bb0-d430-4c36-9f52-f3eff9926b7f]: Assigning socketPath: /var/folders/tw/xmjqp5gd5q3fmyn7rv3wjbgm0000gn/T/fire_emu_69137.sock"}}
[debug] [2022-04-14T11:17:48.050Z] [worker-us-central1-getScreenShot-a1ae6bb0-d430-4c36-9f52-f3eff9926b7f]: BUSY {"metadata":{"emulator":{"name":"functions"},"message":"[worker-us-central1-getScreenShot-a1ae6bb0-d430-4c36-9f52-f3eff9926b7f]: BUSY"}}
[debug] [2022-04-14T11:17:48.051Z] [runtime-status] [69137] Beginning invocation function getScreenShot! {"metadata":{"emulator":{"name":"functions"},"function":{"name":"us-central1-getScreenShot"},"extension":{},"message":"[runtime-status] [69137] Beginning invocation function getScreenShot!"}}
[info] i  functions: Beginning execution of "getScreenShot" {"metadata":{"emulator":{"name":"functions"},"function":{"name":"us-central1-getScreenShot"},"extension":{},"message":"Beginning execution of \"getScreenShot\""}}
[debug] [2022-04-14T11:17:48.052Z] [runtime-status] [69137] Running getScreenShot in signature http {"metadata":{"emulator":{"name":"functions"},"function":{"name":"us-central1-getScreenShot"},"extension":{},"message":"[runtime-status] [69137] Running getScreenShot in signature http"}}
[debug] [2022-04-14T11:17:48.053Z] [runtime-status] [69137] Attempting to listen to socketPath: /var/folders/tw/xmjqp5gd5q3fmyn7rv3wjbgm0000gn/T/fire_emu_69137.sock {"metadata":{"emulator":{"name":"functions"},"function":{"name":"us-central1-getScreenShot"},"extension":{},"message":"[runtime-status] [69137] Attempting to listen to socketPath: /var/folders/tw/xmjqp5gd5q3fmyn7rv3wjbgm0000gn/T/fire_emu_69137.sock"}}
[debug] [2022-04-14T11:17:48.054Z] [functions] Runtime ready! Sending request! {"metadata":{"emulator":{"name":"functions"},"message":"[functions] Runtime ready! Sending request!"}}
[debug] [2022-04-14T11:17:48.054Z] [functions] Got req.url=/spacegym-dev/us-central1/getScreenShot, mapping to path=/ {"metadata":{"emulator":{"name":"functions"},"message":"[functions] Got req.url=/spacegym-dev/us-central1/getScreenShot, mapping to path=/"}}
[debug] [2022-04-14T11:17:48.058Z] [runtime-status] [69137] Ephemeral server handling OPTIONS request {"metadata":{"emulator":{"name":"functions"},"function":{"name":"us-central1-getScreenShot"},"extension":{},"message":"[runtime-status] [69137] Ephemeral server handling OPTIONS request"}}
[debug] [2022-04-14T11:17:48.060Z] [runtime-status] [69137] Ephemeral server survived. {"metadata":{"emulator":{"name":"functions"},"function":{"name":"us-central1-getScreenShot"},"extension":{},"message":"[runtime-status] [69137] Ephemeral server survived."}}
[info] i  functions: Finished "getScreenShot" in ~1s {"metadata":{"emulator":{"name":"functions"},"function":{"name":"us-central1-getScreenShot"},"extension":{},"message":"Finished \"getScreenShot\" in ~1s"}}
[debug] [2022-04-14T11:17:48.060Z] [worker-us-central1-getScreenShot-a1ae6bb0-d430-4c36-9f52-f3eff9926b7f]: IDLE {"metadata":{"emulator":{"name":"functions"},"message":"[worker-us-central1-getScreenShot-a1ae6bb0-d430-4c36-9f52-f3eff9926b7f]: IDLE"}}
[debug] [2022-04-14T11:17:48.061Z] [work-queue] {"queueLength":0,"workRunningCount":0}
[debug] [2022-04-14T11:17:48.062Z] [work-queue] {"queueLength":1,"workRunningCount":0}
[debug] [2022-04-14T11:17:48.063Z] [work-queue] {"queueLength":0,"workRunningCount":1}
[debug] [2022-04-14T11:17:48.063Z] Accepted request POST /spacegym-dev/us-central1/getScreenShot --> us-central1-getScreenShot
[debug] [2022-04-14T11:17:48.063Z] [worker-pool] submitWork(triggerId=us-central1-getScreenShot) {"metadata":{"emulator":{"name":"functions"},"message":"[worker-pool] submitWork(triggerId=us-central1-getScreenShot)"}}
[debug] [2022-04-14T11:17:48.063Z] [worker-us-central1-getScreenShot-a1ae6bb0-d430-4c36-9f52-f3eff9926b7f]: Assigning socketPath: /var/folders/tw/xmjqp5gd5q3fmyn7rv3wjbgm0000gn/T/fire_emu_69137.sock {"metadata":{"emulator":{"name":"functions"},"message":"[worker-us-central1-getScreenShot-a1ae6bb0-d430-4c36-9f52-f3eff9926b7f]: Assigning socketPath: /var/folders/tw/xmjqp5gd5q3fmyn7rv3wjbgm0000gn/T/fire_emu_69137.sock"}}
[debug] [2022-04-14T11:17:48.063Z] [worker-us-central1-getScreenShot-a1ae6bb0-d430-4c36-9f52-f3eff9926b7f]: BUSY {"metadata":{"emulator":{"name":"functions"},"message":"[worker-us-central1-getScreenShot-a1ae6bb0-d430-4c36-9f52-f3eff9926b7f]: BUSY"}}
[debug] [2022-04-14T11:17:48.071Z] [runtime-status] [69137] Beginning invocation function getScreenShot! {"metadata":{"emulator":{"name":"functions"},"function":{"name":"us-central1-getScreenShot"},"extension":{},"message":"[runtime-status] [69137] Beginning invocation function getScreenShot!"}}
[info] i  functions: Beginning execution of "getScreenShot" {"metadata":{"emulator":{"name":"functions"},"function":{"name":"us-central1-getScreenShot"},"extension":{},"message":"Beginning execution of \"getScreenShot\""}}
[debug] [2022-04-14T11:17:48.072Z] [runtime-status] [69137] Running getScreenShot in signature http {"metadata":{"emulator":{"name":"functions"},"function":{"name":"us-central1-getScreenShot"},"extension":{},"message":"[runtime-status] [69137] Running getScreenShot in signature http"}}
[debug] [2022-04-14T11:17:48.072Z] [runtime-status] [69137] Attempting to listen to socketPath: /var/folders/tw/xmjqp5gd5q3fmyn7rv3wjbgm0000gn/T/fire_emu_69137.sock {"metadata":{"emulator":{"name":"functions"},"function":{"name":"us-central1-getScreenShot"},"extension":{},"message":"[runtime-status] [69137] Attempting to listen to socketPath: /var/folders/tw/xmjqp5gd5q3fmyn7rv3wjbgm0000gn/T/fire_emu_69137.sock"}}
[debug] [2022-04-14T11:17:48.073Z] [functions] Runtime ready! Sending request! {"metadata":{"emulator":{"name":"functions"},"message":"[functions] Runtime ready! Sending request!"}}
[debug] [2022-04-14T11:17:48.073Z] [functions] Got req.url=/spacegym-dev/us-central1/getScreenShot, mapping to path=/ {"metadata":{"emulator":{"name":"functions"},"message":"[functions] Got req.url=/spacegym-dev/us-central1/getScreenShot, mapping to path=/"}}
[debug] [2022-04-14T11:17:48.075Z] [runtime-status] [69137] Ephemeral server handling POST request {"metadata":{"emulator":{"name":"functions"},"function":{"name":"us-central1-getScreenShot"},"extension":{},"message":"[runtime-status] [69137] Ephemeral server handling POST request"}}
[info] >  {"verifications":{"app":"MISSING","auth":"MISSING"},"logging.googleapis.com/labels":{"firebase-log-type":"callable-request-verification"},"severity":"INFO","message":"Callable request verification passed"} {"user":{"verifications":{"app":"MISSING","auth":"MISSING"},"logging.googleapis.com/labels":{"firebase-log-type":"callable-request-verification"},"severity":"INFO","message":"Callable request verification passed"},"metadata":{"emulator":{"name":"functions"},"function":{"name":"us-central1-getScreenShot"},"extension":{},"message":"\u001b[90m> \u001b[39m {\"verifications\":{\"app\":\"MISSING\",\"auth\":\"MISSING\"},\"logging.googleapis.com/labels\":{\"firebase-log-type\":\"callable-request-verification\"},\"severity\":\"INFO\",\"message\":\"Callable request verification passed\"}"}}
[debug] [2022-04-14T11:17:48.076Z] [runtime-status] [69137] No callable functions auth found {"metadata":{"emulator":{"name":"functions"},"function":{"name":"us-central1-getScreenShot"},"extension":{},"message":"[runtime-status] [69137] No callable functions auth found"}}
[debug] [2022-04-14T11:18:14.938Z] [runtime-status] [69137] Ephemeral server survived. {"metadata":{"emulator":{"name":"functions"},"function":{"name":"us-central1-getScreenShot"},"extension":{},"message":"[runtime-status] [69137] Ephemeral server survived."}}
[info] i  functions: Finished "getScreenShot" in ~26s {"metadata":{"emulator":{"name":"functions"},"function":{"name":"us-central1-getScreenShot"},"extension":{},"message":"Finished \"getScreenShot\" in ~26s"}}
[debug] [2022-04-14T11:18:14.944Z] [worker-us-central1-getScreenShot-a1ae6bb0-d430-4c36-9f52-f3eff9926b7f]: IDLE {"metadata":{"emulator":{"name":"functions"},"message":"[worker-us-central1-getScreenShot-a1ae6bb0-d430-4c36-9f52-f3eff9926b7f]: IDLE"}}
[debug] [2022-04-14T11:18:14.944Z] [work-queue] {"queueLength":0,"workRunningCount":0}
[debug] [2022-04-14T11:18:43.451Z] [work-queue] {"queueLength":1,"workRunningCount":0}
[debug] [2022-04-14T11:18:43.454Z] [work-queue] {"queueLength":0,"workRunningCount":1}
[debug] [2022-04-14T11:18:43.454Z] Accepted request OPTIONS /spacegym-dev/us-central1/getScreenShot --> us-central1-getScreenShot
[debug] [2022-04-14T11:18:43.454Z] [worker-pool] submitWork(triggerId=us-central1-getScreenShot) {"metadata":{"emulator":{"name":"functions"},"message":"[worker-pool] submitWork(triggerId=us-central1-getScreenShot)"}}
[debug] [2022-04-14T11:18:43.454Z] [worker-us-central1-getScreenShot-a1ae6bb0-d430-4c36-9f52-f3eff9926b7f]: Assigning socketPath: /var/folders/tw/xmjqp5gd5q3fmyn7rv3wjbgm0000gn/T/fire_emu_69137.sock {"metadata":{"emulator":{"name":"functions"},"message":"[worker-us-central1-getScreenShot-a1ae6bb0-d430-4c36-9f52-f3eff9926b7f]: Assigning socketPath: /var/folders/tw/xmjqp5gd5q3fmyn7rv3wjbgm0000gn/T/fire_emu_69137.sock"}}
[debug] [2022-04-14T11:18:43.454Z] [worker-us-central1-getScreenShot-a1ae6bb0-d430-4c36-9f52-f3eff9926b7f]: BUSY {"metadata":{"emulator":{"name":"functions"},"message":"[worker-us-central1-getScreenShot-a1ae6bb0-d430-4c36-9f52-f3eff9926b7f]: BUSY"}}
[debug] [2022-04-14T11:18:43.455Z] [runtime-status] [69137] Beginning invocation function getScreenShot! {"metadata":{"emulator":{"name":"functions"},"function":{"name":"us-central1-getScreenShot"},"extension":{},"message":"[runtime-status] [69137] Beginning invocation function getScreenShot!"}}
[info] i  functions: Beginning execution of "getScreenShot" {"metadata":{"emulator":{"name":"functions"},"function":{"name":"us-central1-getScreenShot"},"extension":{},"message":"Beginning execution of \"getScreenShot\""}}
[debug] [2022-04-14T11:18:43.456Z] [runtime-status] [69137] Running getScreenShot in signature http {"metadata":{"emulator":{"name":"functions"},"function":{"name":"us-central1-getScreenShot"},"extension":{},"message":"[runtime-status] [69137] Running getScreenShot in signature http"}}
[debug] [2022-04-14T11:18:43.460Z] [runtime-status] [69137] Attempting to listen to socketPath: /var/folders/tw/xmjqp5gd5q3fmyn7rv3wjbgm0000gn/T/fire_emu_69137.sock {"metadata":{"emulator":{"name":"functions"},"function":{"name":"us-central1-getScreenShot"},"extension":{},"message":"[runtime-status] [69137] Attempting to listen to socketPath: /var/folders/tw/xmjqp5gd5q3fmyn7rv3wjbgm0000gn/T/fire_emu_69137.sock"}}
[debug] [2022-04-14T11:18:43.463Z] [functions] Runtime ready! Sending request! {"metadata":{"emulator":{"name":"functions"},"message":"[functions] Runtime ready! Sending request!"}}
[debug] [2022-04-14T11:18:43.464Z] [functions] Got req.url=/spacegym-dev/us-central1/getScreenShot, mapping to path=/ {"metadata":{"emulator":{"name":"functions"},"message":"[functions] Got req.url=/spacegym-dev/us-central1/getScreenShot, mapping to path=/"}}
[debug] [2022-04-14T11:18:43.470Z] [runtime-status] [69137] Ephemeral server handling OPTIONS request {"metadata":{"emulator":{"name":"functions"},"function":{"name":"us-central1-getScreenShot"},"extension":{},"message":"[runtime-status] [69137] Ephemeral server handling OPTIONS request"}}
[debug] [2022-04-14T11:18:43.472Z] [runtime-status] [69137] Ephemeral server survived. {"metadata":{"emulator":{"name":"functions"},"function":{"name":"us-central1-getScreenShot"},"extension":{},"message":"[runtime-status] [69137] Ephemeral server survived."}}
[info] i  functions: Finished "getScreenShot" in ~1s {"metadata":{"emulator":{"name":"functions"},"function":{"name":"us-central1-getScreenShot"},"extension":{},"message":"Finished \"getScreenShot\" in ~1s"}}
[debug] [2022-04-14T11:18:43.473Z] [worker-us-central1-getScreenShot-a1ae6bb0-d430-4c36-9f52-f3eff9926b7f]: IDLE {"metadata":{"emulator":{"name":"functions"},"message":"[worker-us-central1-getScreenShot-a1ae6bb0-d430-4c36-9f52-f3eff9926b7f]: IDLE"}}
[debug] [2022-04-14T11:18:43.473Z] [work-queue] {"queueLength":0,"workRunningCount":0}
[debug] [2022-04-14T11:18:43.475Z] [work-queue] {"queueLength":1,"workRunningCount":0}
[debug] [2022-04-14T11:18:43.475Z] [work-queue] {"queueLength":0,"workRunningCount":1}
[debug] [2022-04-14T11:18:43.475Z] Accepted request POST /spacegym-dev/us-central1/getScreenShot --> us-central1-getScreenShot
[debug] [2022-04-14T11:18:43.476Z] [worker-pool] submitWork(triggerId=us-central1-getScreenShot) {"metadata":{"emulator":{"name":"functions"},"message":"[worker-pool] submitWork(triggerId=us-central1-getScreenShot)"}}
[debug] [2022-04-14T11:18:43.476Z] [worker-us-central1-getScreenShot-a1ae6bb0-d430-4c36-9f52-f3eff9926b7f]: Assigning socketPath: /var/folders/tw/xmjqp5gd5q3fmyn7rv3wjbgm0000gn/T/fire_emu_69137.sock {"metadata":{"emulator":{"name":"functions"},"message":"[worker-us-central1-getScreenShot-a1ae6bb0-d430-4c36-9f52-f3eff9926b7f]: Assigning socketPath: /var/folders/tw/xmjqp5gd5q3fmyn7rv3wjbgm0000gn/T/fire_emu_69137.sock"}}
[debug] [2022-04-14T11:18:43.476Z] [worker-us-central1-getScreenShot-a1ae6bb0-d430-4c36-9f52-f3eff9926b7f]: BUSY {"metadata":{"emulator":{"name":"functions"},"message":"[worker-us-central1-getScreenShot-a1ae6bb0-d430-4c36-9f52-f3eff9926b7f]: BUSY"}}
[debug] [2022-04-14T11:18:43.484Z] [runtime-status] [69137] Beginning invocation function getScreenShot! {"metadata":{"emulator":{"name":"functions"},"function":{"name":"us-central1-getScreenShot"},"extension":{},"message":"[runtime-status] [69137] Beginning invocation function getScreenShot!"}}
[info] i  functions: Beginning execution of "getScreenShot" {"metadata":{"emulator":{"name":"functions"},"function":{"name":"us-central1-getScreenShot"},"extension":{},"message":"Beginning execution of \"getScreenShot\""}}
[debug] [2022-04-14T11:18:43.485Z] [runtime-status] [69137] Running getScreenShot in signature http {"metadata":{"emulator":{"name":"functions"},"function":{"name":"us-central1-getScreenShot"},"extension":{},"message":"[runtime-status] [69137] Running getScreenShot in signature http"}}
[debug] [2022-04-14T11:18:43.485Z] [runtime-status] [69137] Attempting to listen to socketPath: /var/folders/tw/xmjqp5gd5q3fmyn7rv3wjbgm0000gn/T/fire_emu_69137.sock {"metadata":{"emulator":{"name":"functions"},"function":{"name":"us-central1-getScreenShot"},"extension":{},"message":"[runtime-status] [69137] Attempting to listen to socketPath: /var/folders/tw/xmjqp5gd5q3fmyn7rv3wjbgm0000gn/T/fire_emu_69137.sock"}}
[debug] [2022-04-14T11:18:43.486Z] [functions] Runtime ready! Sending request! {"metadata":{"emulator":{"name":"functions"},"message":"[functions] Runtime ready! Sending request!"}}
[debug] [2022-04-14T11:18:43.486Z] [functions] Got req.url=/spacegym-dev/us-central1/getScreenShot, mapping to path=/ {"metadata":{"emulator":{"name":"functions"},"message":"[functions] Got req.url=/spacegym-dev/us-central1/getScreenShot, mapping to path=/"}}
[debug] [2022-04-14T11:18:43.489Z] [runtime-status] [69137] Ephemeral server handling POST request {"metadata":{"emulator":{"name":"functions"},"function":{"name":"us-central1-getScreenShot"},"extension":{},"message":"[runtime-status] [69137] Ephemeral server handling POST request"}}
[info] >  {"verifications":{"app":"MISSING","auth":"MISSING"},"logging.googleapis.com/labels":{"firebase-log-type":"callable-request-verification"},"severity":"INFO","message":"Callable request verification passed"} {"user":{"verifications":{"app":"MISSING","auth":"MISSING"},"logging.googleapis.com/labels":{"firebase-log-type":"callable-request-verification"},"severity":"INFO","message":"Callable request verification passed"},"metadata":{"emulator":{"name":"functions"},"function":{"name":"us-central1-getScreenShot"},"extension":{},"message":"\u001b[90m> \u001b[39m {\"verifications\":{\"app\":\"MISSING\",\"auth\":\"MISSING\"},\"logging.googleapis.com/labels\":{\"firebase-log-type\":\"callable-request-verification\"},\"severity\":\"INFO\",\"message\":\"Callable request verification passed\"}"}}
[debug] [2022-04-14T11:18:43.490Z] [runtime-status] [69137] No callable functions auth found {"metadata":{"emulator":{"name":"functions"},"function":{"name":"us-central1-getScreenShot"},"extension":{},"message":"[runtime-status] [69137] No callable functions auth found"}}
[debug] [2022-04-14T11:18:55.156Z] [runtime-status] [69137] Ephemeral server survived. {"metadata":{"emulator":{"name":"functions"},"function":{"name":"us-central1-getScreenShot"},"extension":{},"message":"[runtime-status] [69137] Ephemeral server survived."}}
[info] i  functions: Finished "getScreenShot" in ~11s {"metadata":{"emulator":{"name":"functions"},"function":{"name":"us-central1-getScreenShot"},"extension":{},"message":"Finished \"getScreenShot\" in ~11s"}}
[debug] [2022-04-14T11:18:55.158Z] [worker-us-central1-getScreenShot-a1ae6bb0-d430-4c36-9f52-f3eff9926b7f]: IDLE {"metadata":{"emulator":{"name":"functions"},"message":"[worker-us-central1-getScreenShot-a1ae6bb0-d430-4c36-9f52-f3eff9926b7f]: IDLE"}}
[debug] [2022-04-14T11:18:55.158Z] [work-queue] {"queueLength":0,"workRunningCount":0}
